name	taxonomy_id	taxonomy_lvl	kraken_assigned_reads	added_reads	new_est_reads	fraction_total_reads
Staphylococcus aureus	1280	S	887045	635969	1523014	0.97559
Staphylococcus argenteus	985002	S	1560	21	1581	0.00101
Staphylococcus epidermidis	1282	S	1196	100	1296	0.00083
Staphylococcus schweitzeri	1654388	S	940	13	953	0.00061
Staphylococcus sp. MZ9	2836367	S	205	9776	9981	0.00639
Staphylococcus sp. MZ8	2836366	S	164	1776	1940	0.00124
Staphylococcus sp. FSL W8-0305	2954552	S	97	501	598	0.00038
Staphylococcus sp. IVB6181	2929481	S	38	0	38	0.00002
Staphylococcus sp. 17KM0847	2583989	S	25	0	25	0.00002
Staphylococcus sp. MI 10-1553	1912064	S	17	0	17	0.00001
Staphylococcus sp. NRL 16/872	2930131	S	9	7	16	0.00001
Staphylococcus sp. M0911	2025492	S	8	2	10	0.00001
Staphylococcus sp. FSL W8-0056	2954548	S	8	182	190	0.00012
Staphylococcus sp. MZ3	2836364	S	6	398	404	0.00026
Staphylococcus sp. IVB6238	2989770	S	6	5	11	0.00001
Staphylococcus sp. IVB6246	2989772	S	6	2	8	0.00001
Staphylococcus sp. KG4-3	3093634	S	6	13	19	0.00001
Staphylococcus sp. AntiMn-1	1715860	S	4	3	7	0.00000
Staphylococcus sp. MZ7	2836365	S	3	182	185	0.00012
Staphylococcus sp. SB1-57	2813777	S	2	0	2	0.00000
Staphylococcus sp. SM9054	2807624	S	2	4362	4364	0.00280
Staphylococcus sp. T93	2799681	S	2	74	76	0.00005
Staphylococcus sp. 11-B-312	2799680	S	2	0	2	0.00000
Staphylococcus sp. CDC25	678600	S	1	1	2	0.00000
Staphylococcus sp. NRL 22/194	3020908	S	1	1	2	0.00000
Staphylococcus sp. IVB6240	2989771	S	1	1	2	0.00000
Staphylococcus simiae	308354	S	710	1	711	0.00046
Staphylococcus haemolyticus	1283	S	428	12	440	0.00028
Staphylococcus capitis	29388	S	335	9	344	0.00022
Staphylococcus hominis	1290	S	290	3	293	0.00019
Staphylococcus pasteuri	45972	S	246	5	251	0.00016
Staphylococcus warneri	1292	S	237	8	245	0.00016
Staphylococcus pseudintermedius	283734	S	179	11	190	0.00012
Staphylococcus delphini	53344	S	38	2	40	0.00003
Staphylococcus xylosus	1288	S	225	2	227	0.00015
Staphylococcus arlettae	29378	S	194	2	196	0.00013
Staphylococcus felis	46127	S	191	0	191	0.00012
Staphylococcus saccharolyticus	33028	S	163	0	163	0.00010
Staphylococcus nepalensis	214473	S	147	0	147	0.00009
Staphylococcus lugdunensis	28035	S	143	0	143	0.00009
Staphylococcus pseudoxylosus	2282419	S	138	8	146	0.00009
Staphylococcus cohnii	29382	S	134	2	136	0.00009
Staphylococcus ureilyticus	94138	S	4	0	4	0.00000
Staphylococcus devriesei	586733	S	136	0	136	0.00009
Staphylococcus simulans	1286	S	128	1	129	0.00008
Staphylococcus condimenti	70255	S	122	0	122	0.00008
Staphylococcus caprae	29380	S	116	1	117	0.00007
Staphylococcus pettenkoferi	170573	S	113	0	113	0.00007
Staphylococcus edaphicus	1955013	S	103	0	103	0.00007
Staphylococcus piscifermentans	70258	S	101	0	101	0.00006
Staphylococcus kloosii	29384	S	98	0	98	0.00006
Staphylococcus saprophyticus	29385	S	97	1	98	0.00006
Staphylococcus lutrae	155085	S	90	0	90	0.00006
Staphylococcus equorum	246432	S	83	13	96	0.00006
Staphylococcus casei	201828	S	73	0	73	0.00005
Staphylococcus agnetis	985762	S	65	0	65	0.00004
Staphylococcus lloydii	2781774	S	61	0	61	0.00004
Staphylococcus hsinchuensis	3051183	S	58	0	58	0.00004
Staphylococcus gallinarum	1293	S	58	0	58	0.00004
Staphylococcus carnosus	1281	S	47	0	47	0.00003
Staphylococcus chromogenes	46126	S	39	0	39	0.00002
Staphylococcus ratti	2892440	S	38	0	38	0.00002
Staphylococcus shinii	2912228	S	36	0	36	0.00002
Staphylococcus auricularis	29379	S	35	0	35	0.00002
Staphylococcus hyicus	1284	S	35	0	35	0.00002
Staphylococcus succinus	61015	S	25	0	25	0.00002
Staphylococcus rostri	522262	S	24	0	24	0.00002
Staphylococcus schleiferi	1295	S	21	0	21	0.00001
Staphylococcus coagulans	74706	S	21	0	21	0.00001
Staphylococcus muscae	1294	S	19	0	19	0.00001
Staphylococcus debuckii	2044912	S	19	0	19	0.00001
Staphylococcus petrasii	1276936	S	1	0	1	0.00000
Mammaliicoccus sciuri	1296	S	243	4	247	0.00016
Mammaliicoccus lentus	42858	S	8	0	8	0.00001
Mammaliicoccus vitulinus	71237	S	8	0	8	0.00001
Mammaliicoccus stepanovicii	643214	S	1	0	1	0.00000
Mammaliicoccus sp. Marseille-Q6498	2962659	S	1	0	1	0.00000
Macrococcus armenti	2875764	S	4	0	4	0.00000
Macrococcus equipercicus	69967	S	2	0	2	0.00000
Macrococcus bovicus	69968	S	1	0	1	0.00000
Macrococcoides caseolyticum	69966	S	4	0	4	0.00000
Macrococcoides canis	1855823	S	4	0	4	0.00000
Nosocomiicoccus ampullae	489910	S	2	0	2	0.00000
Nosocomiicoccus massiliensis	1232430	S	2	1	3	0.00000
Jeotgalicoccus sp. ATCC 8456	946435	S	3	1	4	0.00000
Bacillus velezensis	492670	S	46	4	50	0.00003
Bacillus amyloliquefaciens	1390	S	12	0	12	0.00001
Bacillus siamensis	659243	S	5	0	5	0.00000
Bacillus subtilis	1423	S	20	15	35	0.00002
Bacillus halotolerans	260554	S	3	0	3	0.00000
Bacillus licheniformis	1402	S	2	0	2	0.00000
Bacillus spizizenii	96241	S	1	0	1	0.00000
Bacillus stercoris	2054641	S	1	0	1	0.00000
Bacillus anthracis	1392	S	26	17	43	0.00003
Bacillus thuringiensis	1428	S	25	15	40	0.00003
Bacillus cereus	1396	S	20	15	35	0.00002
Bacillus mycoides	1405	S	4	0	4	0.00000
Bacillus cytotoxicus	580165	S	2	0	2	0.00000
Bacillus paranthracis	2026186	S	2	0	2	0.00000
Bacillus pseudomycoides	64104	S	1	0	1	0.00000
Bacillus pacificus	2026187	S	1	0	1	0.00000
Bacillus sp. OxB-1	98228	S	3	0	3	0.00000
Bacillus sp. KH172YL63	2709784	S	2	0	2	0.00000
Bacillus sp. PS68	2954716	S	2	13	15	0.00001
Bacillus sp. Lzh-5	2049935	S	2	6	8	0.00001
Bacillus sp. Y1	352858	S	1	0	1	0.00000
Bacillus sp. LJBS17	2859227	S	1	0	1	0.00000
Bacillus sp. Bos-x628	3229854	S	1	0	1	0.00000
Bacillus sp. FJAT-18017	1705566	S	1	0	1	0.00000
Bacillus sp. 7D3	2851015	S	1	0	1	0.00000
Bacillus sp. ZY-1-1	2093834	S	1	0	1	0.00000
Bacillus sp. SI2	3077323	S	1	0	1	0.00000
Bacillus altitudinis	293387	S	6	0	6	0.00000
Bacillus safensis	561879	S	3	0	3	0.00000
Bacillus badius	1455	S	2	0	2	0.00000
Bacillus carboniphilus	86663	S	2	0	2	0.00000
Bacillus arachidis	2819290	S	1	0	1	0.00000
Heyndrickxia coagulans	1398	S	11	3	14	0.00001
Heyndrickxia oleronia	38875	S	1	0	1	0.00000
Lysinibacillus sp. 2017	2169540	S	1	0	1	0.00000
Lysinibacillus sp. FSL W7-1291	2954544	S	1	0	1	0.00000
Lysinibacillus sp. FSL H8-0500	2921393	S	1	0	1	0.00000
Lysinibacillus sp. SGAir0095	2070463	S	1	0	1	0.00000
Lysinibacillus timonensis	2086577	S	3	0	3	0.00000
Lysinibacillus macroides	33935	S	1	0	1	0.00000
Geobacillus thermoleovorans	33941	S	2	2	4	0.00000
Geobacillus sp. C56-T3	691437	S	1	1	2	0.00000
Geobacillus thermodenitrificans	33940	S	1	1	2	0.00000
Neobacillus sp. 114	3048535	S	2	0	2	0.00000
Neobacillus sp. PS3-12	3070677	S	2	0	2	0.00000
Neobacillus sp. PS3-34	3070678	S	1	0	1	0.00000
Neobacillus sp. PS3-40	3070679	S	1	0	1	0.00000
Neobacillus sp. OS1-33	3070683	S	1	0	1	0.00000
Neobacillus mesonae	1193713	S	1	0	1	0.00000
Priestia megaterium	1404	S	6	1	7	0.00000
Mesobacillus subterraneus	285983	S	4	0	4	0.00000
Mesobacillus foraminis	279826	S	2	0	2	0.00000
Mesobacillus sp. AQ2	3043332	S	1	0	1	0.00000
Rossellomorea marisflavi	189381	S	4	0	4	0.00000
Rossellomorea vietnamensis	218284	S	2	0	2	0.00000
Parageobacillus thermoglucosidasius	1426	S	4	1	5	0.00000
Parageobacillus genomosp. 1	1295642	S	1	0	1	0.00000
Gracilibacillus salitolerans	2663022	S	1	3	4	0.00000
Psychrobacillus glaciei	2283160	S	3	0	3	0.00000
Metabacillus endolithicus	1535204	S	2	0	2	0.00000
Metabacillus dongyingensis	2874282	S	1	0	1	0.00000
Allobacillus halotolerans	570278	S	3	0	3	0.00000
Virgibacillus natechei	1216297	S	1	0	1	0.00000
Virgibacillus sp. NKC19-16	2831673	S	1	0	1	0.00000
Anoxybacillus amylolyticus	294699	S	2	0	2	0.00000
Anoxybacillus flavithermus	33934	S	1	0	1	0.00000
Mangrovibacillus cuniculi	2593652	S	2	0	2	0.00000
Halobacillus mangrovi	402384	S	1	0	1	0.00000
Halobacillus shinanisalinarum	2932258	S	1	0	1	0.00000
Peribacillus frigoritolerans	450367	S	1	1	2	0.00000
Siminovitchia fortis	254758	S	1	0	1	0.00000
Amphibacillus xylanus	1449	S	1	0	1	0.00000
Radiobacillus deserti	2594883	S	1	0	1	0.00000
Salicibibacter halophilus	2502791	S	1	0	1	0.00000
Cytobacillus kochii	859143	S	1	0	1	0.00000
Salisediminibacterium beveridgei	632773	S	1	0	1	0.00000
Domibacillus sp. DTU_2020_1001157_1_SI_ALB_TIR_016	3077789	S	1	0	1	0.00000
Fervidibacillus halotolerans	2980027	S	1	0	1	0.00000
Fictibacillus phosphorivorans	1221500	S	1	0	1	0.00000
Shouchella hunanensis	766894	S	1	0	1	0.00000
Ornithinibacillus sp. 4-3	3231488	S	1	0	1	0.00000
Sporosarcina sp. Marseille-Q4943	2942204	S	6	1	7	0.00000
Sporosarcina sp. Te-1	2818390	S	1	0	1	0.00000
Sporosarcina sp. FSL K6-1522	2921554	S	1	0	1	0.00000
Sporosarcina sp. FSL W8-0480	2954701	S	1	0	1	0.00000
Sporosarcina pasteurii	1474	S	2	0	2	0.00000
Sporosarcina trichiuri	3056445	S	2	0	2	0.00000
Solibacillus silvestris	76853	S	6	1	7	0.00000
Solibacillus sp. R5-41	2048654	S	1	0	1	0.00000
Planococcus sp. MB-3u-03	2058136	S	2	0	2	0.00000
Planococcus lenghuensis	2213202	S	2	0	2	0.00000
Planococcus faecalis	1598147	S	2	0	2	0.00000
Chryseomicrobium sp. FSL W7-1435	2921704	S	1	0	1	0.00000
Paenibacillus sp. FSL R5-0519	2921648	S	1	0	1	0.00000
Paenibacillus sp. FSL R5-0701	2921654	S	1	1	2	0.00000
Paenibacillus sp. IHB B 3084	867076	S	1	0	1	0.00000
Paenibacillus sp. 481	2835869	S	1	0	1	0.00000
Paenibacillus sp. RC67	3039392	S	1	0	1	0.00000
Paenibacillus sp. FSL K6-1096	2921460	S	1	0	1	0.00000
Paenibacillus sp. FSL K6-3182	2921495	S	1	0	1	0.00000
Paenibacillus polymyxa	1406	S	6	3	9	0.00001
Paenibacillus physcomitrellae	1619311	S	5	0	5	0.00000
Paenibacillus ihbetae	1870820	S	1	0	1	0.00000
Paenibacillus albus	2495582	S	1	0	1	0.00000
Paenibacillus antarcticus	253703	S	1	0	1	0.00000
Brevibacillus sp. JNUCC-41	2778370	S	1	0	1	0.00000
Brevibacillus sp. NSP2.1	3003229	S	1	0	1	0.00000
Brevibacillus humidisoli	2895522	S	2	0	2	0.00000
Brevibacillus laterosporus	1465	S	1	0	1	0.00000
Listeria monocytogenes	1639	S	17	6	23	0.00001
Listeria innocua	1642	S	6	0	6	0.00000
Listeria newyorkensis	1497681	S	2	0	2	0.00000
Listeria welshimeri	1643	S	1	0	1	0.00000
Brochothrix thermosphacta	2756	S	1	0	1	0.00000
Exiguobacterium sp. S3-2	1389960	S	1	3	4	0.00000
Hydrogenibacillus sp. N12	2866627	S	2	0	2	0.00000
Laceyella sacchari	37482	S	3	0	3	0.00000
Thermoactinomyces vulgaris	2026	S	2	0	2	0.00000
Alicyclobacillus fastidiosus	392011	S	1	1	2	0.00000
Alicyclobacillus acidocaldarius	405212	S	1	0	1	0.00000
Gemella haemolysans	1379	S	1	2	3	0.00000
Abyssicoccus albus	1817405	S	2	0	2	0.00000
Pullulanibacillus sp. KACC 23026	3028315	S	1	0	1	0.00000
Enterococcus faecium	1352	S	641	102	743	0.00048
Enterococcus cecorum	44008	S	77	1	78	0.00005
Enterococcus faecalis	1351	S	51	7	58	0.00004
Enterococcus hirae	1354	S	8	0	8	0.00001
Enterococcus lactis	357441	S	7	23	30	0.00002
Enterococcus casseliflavus	37734	S	6	0	6	0.00000
Enterococcus sp. ZQ21	3044568	S	3	8	11	0.00001
Enterococcus sp. 7F3_DIV0205	1834189	S	1	0	1	0.00000
Enterococcus sp. FDAARGOS_375	2060307	S	1	0	1	0.00000
Enterococcus durans	53345	S	5	0	5	0.00000
Enterococcus dispar	44009	S	3	0	3	0.00000
Enterococcus raffinosus	71452	S	2	0	2	0.00000
Enterococcus gallinarum	1353	S	1	0	1	0.00000
Vagococcus fluvialis	2738	S	2	1	3	0.00000
Vagococcus lutrae	81947	S	1	0	1	0.00000
Vagococcus hydrophili	2714947	S	1	0	1	0.00000
Tetragenococcus halophilus	51669	S	3	0	3	0.00000
Tetragenococcus osmophilus	526944	S	1	0	1	0.00000
Melissococcus plutonius	33970	S	1	0	1	0.00000
Streptococcus agalactiae	1311	S	114	21	135	0.00009
Streptococcus thermophilus	1308	S	16	0	16	0.00001
Streptococcus suis	1307	S	10	0	10	0.00001
Streptococcus pyogenes	1314	S	8	0	8	0.00001
Streptococcus parasuis	1501662	S	7	0	7	0.00000
Streptococcus parauberis	1348	S	7	0	7	0.00000
Streptococcus infantis	68892	S	6	0	6	0.00000
Streptococcus pneumoniae	1313	S	5	15	20	0.00001
Streptococcus dysgalactiae	1334	S	4	0	4	0.00000
Streptococcus equi	1336	S	1	0	1	0.00000
Streptococcus iniae	1346	S	4	0	4	0.00000
Streptococcus macedonicus	59310	S	3	1	4	0.00000
Streptococcus pluranimalium	82348	S	3	0	3	0.00000
Streptococcus pasteurianus	197614	S	2	0	2	0.00000
Streptococcus troglodytae	1111760	S	1	0	1	0.00000
Streptococcus mitis	28037	S	1	0	1	0.00000
Streptococcus porcinus	1340	S	1	0	1	0.00000
Streptococcus sp. ZY1909104	3233335	S	1	0	1	0.00000
Streptococcus mutans	1309	S	1	0	1	0.00000
Streptococcus gallolyticus	315405	S	1	0	1	0.00000
Streptococcus salivarius	1304	S	1	0	1	0.00000
Lactococcus raffinolactis	1366	S	7	0	7	0.00000
Lactococcus lactis	1358	S	5	8	13	0.00001
Lactococcus garvieae	1363	S	5	0	5	0.00000
Lactococcus sp.	44273	S	3	22	25	0.00002
Lactococcus sp. NH2-7C	2879149	S	1	0	1	0.00000
Lactococcus petauri	1940789	S	3	3	6	0.00000
Lactococcus cremoris	1359	S	2	1	3	0.00000
Ligilactobacillus murinus	1622	S	5	0	5	0.00000
Ligilactobacillus agilis	1601	S	3	0	3	0.00000
Ligilactobacillus salivarius	1624	S	3	0	3	0.00000
Ligilactobacillus animalis	1605	S	1	0	1	0.00000
Ligilactobacillus ruminis	1623	S	1	0	1	0.00000
Lactobacillus acidophilus	1579	S	6	2	8	0.00001
Lactobacillus sp. ESL0785	2983232	S	1	0	1	0.00000
Lactobacillus johnsonii	33959	S	1	0	1	0.00000
Lactobacillus crispatus	47770	S	1	0	1	0.00000
Lactobacillus jensenii	109790	S	1	0	1	0.00000
Pediococcus acidilactici	1254	S	6	0	6	0.00000
Pediococcus claussenii	187452	S	1	0	1	0.00000
Lactiplantibacillus plantarum	1590	S	5	1	6	0.00000
Lactiplantibacillus carotarum	2993456	S	1	0	1	0.00000
Limosilactobacillus fermentum	1613	S	4	0	4	0.00000
Limosilactobacillus reuteri	1598	S	3	7	10	0.00001
Apilactobacillus kunkeei	148814	S	4	0	4	0.00000
Latilactobacillus curvatus	28038	S	4	0	4	0.00000
Lacticaseibacillus paracasei	1597	S	1	0	1	0.00000
Lacticaseibacillus zeae	57037	S	1	0	1	0.00000
Lacticaseibacillus pantheris	171523	S	1	0	1	0.00000
Leuconostoc sp. MTCC 10508	2698683	S	1	0	1	0.00000
Leuconostoc falkenbergense	2766470	S	1	0	1	0.00000
Acetilactobacillus jinshanensis	1720083	S	2	0	2	0.00000
Weissella cibaria	137591	S	1	0	1	0.00000
Weissella koreensis	165096	S	1	0	1	0.00000
Levilactobacillus brevis	1580	S	2	0	2	0.00000
Bombilactobacillus folatiphilus	2923362	S	1	0	1	0.00000
Companilactobacillus zhachilii	2304606	S	1	0	1	0.00000
Periweissella cryptocerci	2506420	S	1	0	1	0.00000
Oenococcus oeni	1247	S	1	0	1	0.00000
Aerococcus urinaeequi	51665	S	5	3	8	0.00001
Aerococcus urinae	1376	S	1	1	2	0.00000
Fundicoccus culcitae	2969821	S	7	0	7	0.00000
Ruoffia tabacinasalis	87458	S	3	0	3	0.00000
Ignavigranum ruoffiae	89093	S	1	0	1	0.00000
Carnobacterium maltaromaticum	2751	S	8	1	9	0.00001
Carnobacterium sp. CS13	2800128	S	1	0	1	0.00000
Jeotgalibaca ciconiae	2496265	S	2	0	2	0.00000
Jeotgalibaca dankookensis	708126	S	1	0	1	0.00000
Desemzia incerta	82801	S	1	0	1	0.00000
Trichococcus flocculiformis	82803	S	1	0	1	0.00000
Granulicatella adiacens	46124	S	1	0	1	0.00000
Clostridium saccharoperbutylacetonicum	36745	S	4	0	4	0.00000
Clostridium sp. MD294	97138	S	1	0	1	0.00000
Clostridium sp. LQ25	2992805	S	1	0	1	0.00000
Clostridium sp. 'deep sea'	2779445	S	1	0	1	0.00000
Clostridium perfringens	1502	S	3	0	3	0.00000
Clostridium botulinum	1491	S	2	4	6	0.00000
Clostridium fermenticellae	2068654	S	2	0	2	0.00000
Clostridium thermosuccinogenes	84032	S	2	0	2	0.00000
Clostridium cellulovorans	1493	S	1	0	1	0.00000
Clostridium saccharobutylicum	169679	S	1	0	1	0.00000
Clostridium felsineum	36839	S	1	0	1	0.00000
Clostridium cochlearium	1494	S	1	0	1	0.00000
Clostridium kluyveri	1534	S	1	0	1	0.00000
Clostridium baratii	1561	S	1	0	1	0.00000
Clostridium estertheticum	238834	S	1	0	1	0.00000
Acetivibrio thermocellus	1515	S	2	1	3	0.00000
Caproicibacterium sp. BJN0003	2994078	S	3	1	4	0.00000
Ruminococcus bicirculans (ex Wegman et al. 2014)	1160721	S	1	0	1	0.00000
Ruminococcus bovis	2564099	S	1	0	1	0.00000
Fastidiosipila sanguinis	236753	S	1	0	1	0.00000
Anaerotruncus colihominis	169435	S	1	0	1	0.00000
Flavonifractor plautii	292800	S	1	0	1	0.00000
Eubacterium callanderi	53442	S	3	0	3	0.00000
Acetobacterium woodii	33952	S	2	1	3	0.00000
Thermaerobacter marianensis	73919	S	1	0	1	0.00000
Desulfitobacterium hafniense	49338	S	1	0	1	0.00000
Clostridioides difficile	1496	S	7	11	18	0.00001
Romboutsia sp. CE17	2724150	S	1	0	1	0.00000
Intestinibacter bartlettii	261299	S	1	0	1	0.00000
Paraclostridium sordellii	1505	S	1	0	1	0.00000
Emergencia sp. JLR.KK010	3114296	S	2	0	2	0.00000
Mogibacterium pumilum	86332	S	1	0	1	0.00000
Serpentinicella alkaliphila	1734049	S	2	0	2	0.00000
Alkaliphilus sp. B6464	2731219	S	1	0	1	0.00000
Acetoanaerobium sticklandii	1511	S	1	0	1	0.00000
Lachnoclostridium phytofermentans	66219	S	2	0	2	0.00000
[Clostridium] scindens	29347	S	1	0	1	0.00000
Pseudobutyrivibrio xylanivorans	185007	S	2	0	2	0.00000
Anaeromicropila herbilytica	2785025	S	2	0	2	0.00000
Roseburia hominis	301301	S	1	0	1	0.00000
Coprococcus catus	116085	S	1	0	1	0.00000
Blautia hydrogenotrophica	53443	S	1	0	1	0.00000
Hungatella hathewayi	154046	S	1	0	1	0.00000
Vallitalea guaymasensis	1185412	S	1	0	1	0.00000
Halobacteroides halobius	42422	S	2	0	2	0.00000
Acetohalobium arabaticum	28187	S	1	0	1	0.00000
Peptoniphilus genitalis	3036303	S	2	1	3	0.00000
Anaerococcus vaginalis	33037	S	1	2	3	0.00000
Parvimonas micra	33033	S	2	0	2	0.00000
Miniphocaeibacter halophilus	2931922	S	1	0	1	0.00000
Gottschalkia acidurici	1556	S	1	0	1	0.00000
Caloranaerobacter azorensis	116090	S	1	0	1	0.00000
Acidilutibacter cellobiosedens	2507161	S	1	0	1	0.00000
Erysipelothrix rhusiopathiae	1648	S	2	0	2	0.00000
Erysipelothrix piscisicarius	2485784	S	2	0	2	0.00000
Longicatena caecimuris	1796635	S	2	0	2	0.00000
Thomasclavelia ramosa	1547	S	1	0	1	0.00000
Turicibacter sp. H121	1712675	S	1	0	1	0.00000
uncultured Sporomusa sp.	307249	S	1	0	1	0.00000
uncultured Anaeromusa sp.	673273	S	1	0	1	0.00000
Phascolarctobacterium succinatutens	626940	S	1	3	4	0.00000
Dialister pneumosintes	39950	S	1	0	1	0.00000
endosymbiont 'TC1' of Trimyema compressum	243899	S	1	0	1	0.00000
Streptomyces sp. ICC1	2099583	S	20	1	21	0.00001
Streptomyces sp. ICC4	2099584	S	1	0	1	0.00000
Streptomyces sp. R11	3238625	S	1	0	1	0.00000
Streptomyces armeniacus	83291	S	7	0	7	0.00000
Streptomyces vinaceusdrappus	67376	S	5	0	5	0.00000
Streptomyces nitrosporeus	28894	S	1	0	1	0.00000
Streptomyces melanogenes	67326	S	1	0	1	0.00000
Mycobacterium sp. DL440	2675523	S	2	0	2	0.00000
Mycobacterium intracellulare	1767	S	2	0	2	0.00000
Mycobacterium dioxanotrophicus	482462	S	1	0	1	0.00000
Mycolicibacterium austroafricanum	39687	S	2	0	2	0.00000
Corynebacterium ulcerans	65058	S	1	0	1	0.00000
Corynebacterium kalinowskii	2675216	S	1	0	1	0.00000
Corynebacterium genitalium	38288	S	1	0	1	0.00000
Corynebacterium glutamicum	1718	S	1	6	7	0.00000
Prescottella equi	43767	S	4	0	4	0.00000
Gordonia polyisoprenivorans	84595	S	2	0	2	0.00000
Homoserinibacter sp. YIM 151385	2985506	S	3	0	3	0.00000
Microbacterium terrisoli	3242192	S	1	0	1	0.00000
Pseudactinotalea sp. HY158	2654547	S	3	0	3	0.00000
Rothia mucilaginosa	43675	S	2	0	2	0.00000
Arthrobacter sp. ATA002	2991715	S	1	0	1	0.00000
Sanguibacter sp. HDW7	2714931	S	1	0	1	0.00000
Cutibacterium acnes	1747	S	5	0	5	0.00000
Trueperella pyogenes	1661	S	1	2	3	0.00000
Amycolatopsis sp. NBC_01480	2903562	S	1	2	3	0.00000
Bifidobacterium longum	216816	S	1	1	2	0.00000
Natronoglycomyces albus	2811108	S	2	0	2	0.00000
Plantactinospora sp. BB1	2071627	S	1	0	1	0.00000
Ilumatobacter coccineus	467094	S	1	0	1	0.00000
Mycoplasma capricolum	2095	S	2	0	2	0.00000
Mycoplasma feriruminatoris	1179777	S	1	0	1	0.00000
Mycoplasma seminis	512749	S	2	2	4	0.00000
Candidatus Mycoplasma mahonii	3004105	S	1	0	1	0.00000
Mycoplasma sp. SG1	2810348	S	1	0	1	0.00000
Spiroplasma platyhelix	301585	S	1	2	3	0.00000
Haploplasma axanthum	29552	S	1	0	1	0.00000
Mycoplasmopsis bovirhinis	29553	S	3	1	4	0.00000
Mycoplasmopsis californica	2113	S	2	0	2	0.00000
Mycoplasmopsis synoviae	2109	S	1	0	1	0.00000
[Mycoplasma] mobile	2118	S	1	0	1	0.00000
Mesomycoplasma neurolyticum	2120	S	1	0	1	0.00000
Mesomycoplasma ovipneumoniae	29562	S	1	0	1	0.00000
Metamycoplasma subdolum	92407	S	1	0	1	0.00000
Ureaplasma parvum	134821	S	1	0	1	0.00000
Candidatus Xianfuyuplasma coldseepsis	2782163	S	2	0	2	0.00000
Hujiaoplasma nucleasis	2725268	S	1	0	1	0.00000
Nostoc sp. PCC 7524	28072	S	1	0	1	0.00000
Okeanomitos corallinicola	3231550	S	2	0	2	0.00000
Calothrix sp. PCC 7507	99598	S	2	0	2	0.00000
Halothece sp. PCC 7418	65093	S	3	2	5	0.00000
[Phormidium] sp. ETS-05	222819	S	2	0	2	0.00000
Leptolyngbya boryana	1184	S	2	0	2	0.00000
Synechocystis sp. PCC 6714	1147	S	1	0	1	0.00000
Nodosilinea sp. E11	3037479	S	1	0	1	0.00000
Candidatus Chlorohelix allophototropha	3003348	S	2	0	2	0.00000
Brevefilum fermentans	1986204	S	1	0	1	0.00000
Candidatus Promineifilum breve	1806508	S	1	0	1	0.00000
Capsulimonas corticalis	2219043	S	1	0	1	0.00000
Fimbriimonas ginsengisoli	1005039	S	1	0	1	0.00000
Escherichia coli	562	S	13	3	16	0.00001
Klebsiella pneumoniae	573	S	8	5	13	0.00001
Klebsiella variicola	244366	S	1	0	1	0.00000
Salmonella enterica	28901	S	6	15	21	0.00001
Enterobacter hormaechei	158836	S	1	1	2	0.00000
Enterobacter ludwigii	299767	S	1	0	1	0.00000
Citrobacter portucalensis	1639133	S	2	0	2	0.00000
Pseudocitrobacter corydidari	2891570	S	2	0	2	0.00000
secondary endosymbiont of Ctenarytaina eucalypti	1199245	S	1	0	1	0.00000
Shigella flexneri	623	S	1	0	1	0.00000
Arsenophonus nasoniae	638	S	4	0	4	0.00000
Arsenophonus endosymbiont of Aphis craccivora	1231049	S	1	0	1	0.00000
Arsenophonus endosymbiont of Crataerina pallida	3066235	S	1	0	1	0.00000
Morganella morganii	582	S	2	0	2	0.00000
Providencia heimbachae	333962	S	1	0	1	0.00000
Xenorhabdus bovienii	40576	S	1	0	1	0.00000
Erwinia pyrifoliae	79967	S	1	0	1	0.00000
Buchnera aphidicola	9	S	1	0	1	0.00000
Pseudoalteromonas sp. 3J6	649161	S	4	0	4	0.00000
Pseudoalteromonas sp. SCSIO 43201	2822842	S	1	0	1	0.00000
Pseudoalteromonas phenolica	161398	S	1	0	1	0.00000
Pseudoalteromonas spongiae	298657	S	1	0	1	0.00000
Shewanella goraebulensis	3050637	S	1	0	1	0.00000
Shewanella baltica	62322	S	1	1	2	0.00000
Litorilituus sediminis	718192	S	1	0	1	0.00000
Vibrio vulnificus	672	S	1	0	1	0.00000
Vibrio cholerae	666	S	1	2	3	0.00000
Vibrio sp. B1FLJ16	2751178	S	1	0	1	0.00000
Vibrio plantisponsor	664643	S	1	0	1	0.00000
Vibrio pomeroyi	198832	S	1	0	1	0.00000
Vibrio harveyi	669	S	1	0	1	0.00000
Acinetobacter baumannii	470	S	6	0	6	0.00000
Acinetobacter pittii	48296	S	1	0	1	0.00000
Xanthomonas oryzae	347	S	1	0	1	0.00000
Xanthomonas albilineans	29447	S	1	0	1	0.00000
Xylella fastidiosa	2371	S	2	0	2	0.00000
Stenotrophomonas pavanii	487698	S	1	0	1	0.00000
Dyella sp. BiH032	3075430	S	1	0	1	0.00000
Haemophilus parainfluenzae	729	S	2	0	2	0.00000
Actinobacillus pleuropneumoniae	715	S	1	0	1	0.00000
Actinobacillus genomosp. 1	254839	S	1	0	1	0.00000
Pasteurella multocida	747	S	1	0	1	0.00000
Bisgaardia hudsonensis	109472	S	1	0	1	0.00000
Pseudomonas aeruginosa	287	S	3	0	3	0.00000
Pseudomonas sp. S34	1573718	S	1	0	1	0.00000
Entomomonas asaccharolytica	2785331	S	1	0	1	0.00000
Aeromonas schubertii	652	S	2	0	2	0.00000
Aeromonas salmonicida	645	S	1	0	1	0.00000
Aeromonas hydrophila	644	S	1	0	1	0.00000
Aeromonas sp. Ne-1	1675689	S	1	0	1	0.00000
Sulfurifustis variabilis	1675686	S	3	0	3	0.00000
Thiorhodovibrio winogradskyi	77007	S	1	0	1	0.00000
Marinomonas posidonica	936476	S	1	0	1	0.00000
Marinomonas algicola	2773454	S	1	0	1	0.00000
Halomonas hydrothermalis	115561	S	1	0	1	0.00000
Cysteiniphilum sp. QT6929	2975055	S	1	0	1	0.00000
Microbulbifer bruguierae	3029061	S	1	0	1	0.00000
Candidatus Methylospira mobilis	1808979	S	1	0	1	0.00000
Legionella pneumophila	446	S	1	0	1	0.00000
Ralstonia pickettii	329	S	16	0	16	0.00001
Ralstonia solanacearum	305	S	5	0	5	0.00000
Ralstonia mannitolilytica	105219	S	4	0	4	0.00000
Ralstonia sp. CP	3231757	S	4	0	4	0.00000
Burkholderia dolosa	152500	S	1	0	1	0.00000
Burkholderia thailandensis	57975	S	1	1	2	0.00000
Polynucleobacter corsicus	2081042	S	1	0	1	0.00000
Candidatus Vallotia lariciata	2018052	S	1	0	1	0.00000
Schlegelella aquatica	376175	S	2	0	2	0.00000
Paenalcaligenes faecalis	2980099	S	1	0	1	0.00000
Comamonas aquatica	225991	S	1	0	1	0.00000
Neisseria flavescens	484	S	2	0	2	0.00000
Paludibacterium sp. THUN1379	3112107	S	1	0	1	0.00000
Usitatibacter palustris	2732487	S	1	0	1	0.00000
Brucella sp. 1315	2975050	S	11	6	17	0.00001
Bartonella krasnovii	2267275	S	6	0	6	0.00000
Bartonella sp. WD16.2	1933904	S	2	0	2	0.00000
Rhizobium sp. BT03	3045156	S	1	0	1	0.00000
Rhizobium ruizarguesonis	2081791	S	1	0	1	0.00000
Agrobacterium pusense	648995	S	1	0	1	0.00000
Candidatus Liberibacter africanus	34020	S	2	0	2	0.00000
Sinorhizobium meliloti	382	S	1	0	1	0.00000
Stappia sp.	1870903	S	1	0	1	0.00000
Bradyrhizobium sp. SEMIA	2597515	S	1	0	1	0.00000
Candidatus Fonsibacter ubiquis	1925548	S	2	0	2	0.00000
Candidatus Bealeia paramacronuclearis	1921001	S	2	0	2	0.00000
Candidatus Endolissoclinum faulkneri	1263979	S	1	0	1	0.00000
Parvularcula sp. LCG005	3078805	S	1	0	1	0.00000
Flavobacterium sp. GSB-24	2994319	S	2	0	2	0.00000
Flavobacterium sp.	239	S	1	0	1	0.00000
Flavobacterium sp. WC2409	3234139	S	1	1	2	0.00000
Flavobacterium acetivorans	2893883	S	1	0	1	0.00000
Flavobacterium limnophilum	3003262	S	1	0	1	0.00000
Flavobacterium aquiphilum	3003261	S	1	0	1	0.00000
Flavobacterium inviolabile	2748320	S	1	0	1	0.00000
Polaribacter huanghezhanensis	1354726	S	2	0	2	0.00000
Polaribacter gangjinensis	574710	S	1	0	1	0.00000
Polaribacter reichenbachii	996801	S	1	0	1	0.00000
Cellulophaga algicola	59600	S	1	1	2	0.00000
Capnocytophaga cynodegmi	28189	S	1	0	1	0.00000
Formosa sp. L2A11	2686363	S	2	0	2	0.00000
Tenacibaculum sp. 190524A02b	3137860	S	1	0	1	0.00000
Tenacibaculum pacificus	3018314	S	1	0	1	0.00000
Mangrovimonas cancribranchiae	3080055	S	1	0	1	0.00000
Nonlabens ulvanivorans	906888	S	1	0	1	0.00000
Aequorivita sublithincola	101385	S	1	0	1	0.00000
Zunongwangia sp. SCSIO 43204	2779359	S	1	0	1	0.00000
Winogradskyella sediminis	1382466	S	1	0	1	0.00000
Aquimarina sp. AD1	1714848	S	1	0	1	0.00000
Chryseobacterium sp. ZHDP1	2838877	S	1	1	2	0.00000
Epilithonimonas zeae	1416779	S	1	0	1	0.00000
Sanyastnella coralliicola	3069118	S	1	0	1	0.00000
Porphyromonas somerae	322095	S	3	0	3	0.00000
uncultured Acetobacteroides sp.	1760811	S	1	0	1	0.00000
Coprobacter secundus	1501392	S	1	1	2	0.00000
Dysgonomonas capnocytophagoides	45254	S	1	0	1	0.00000
Tenuifilum thalassicum	2590900	S	1	0	1	0.00000
Spirosoma endbachense	2666025	S	2	0	2	0.00000
Cytophaga hutchinsonii	985	S	1	0	1	0.00000
Cyclobacterium amurskyense	320787	S	1	0	1	0.00000
Echinicola sp. 20G	2781961	S	1	0	1	0.00000
Tellurirhabdus rosea	2674997	S	1	0	1	0.00000
Sphingobacterium sp. PCS056	2931400	S	1	0	1	0.00000
Pedobacter aquae	2605747	S	1	0	1	0.00000
Mucilaginibacter sp. KACC 22063	3025666	S	1	0	1	0.00000
Pseudopedobacter saltans	151895	S	1	1	2	0.00000
Niabella yanshanensis	577386	S	1	0	1	0.00000
Filimonas lacunae	477680	S	1	0	1	0.00000
Paraflavitalea speifideaquila	3076558	S	1	0	1	0.00000
Panacibacter ginsenosidivorans	1813871	S	1	0	1	0.00000
Saprospira sp. CCB-QB6	3023936	S	1	0	1	0.00000
Pseudogemmatithrix spongiicola	3062599	S	1	0	1	0.00000
Helicobacter canadensis	123841	S	22	0	22	0.00001
Helicobacter pylori	210	S	2	0	2	0.00000
Campylobacter coli	195	S	1	0	1	0.00000
Campylobacter sp. RM16192	1660080	S	1	0	1	0.00000
Campylobacter concisus	199	S	1	0	1	0.00000
Campylobacter canadensis	449520	S	1	0	1	0.00000
Campylobacter ornithocola	1848766	S	1	0	1	0.00000
Arcobacter roscoffensis	2961520	S	1	0	1	0.00000
Aliarcobacter cryaerophilus	28198	S	1	0	1	0.00000
Halarcobacter ebronensis	1462615	S	1	0	1	0.00000
Poseidonibacter parvus	1850254	S	1	0	1	0.00000
Caminibacter mediatlanticus	291048	S	2	0	2	0.00000
Borreliella garinii	29519	S	6	0	6	0.00000
Borreliella lusitaniae	100177	S	2	0	2	0.00000
Borreliella turdi	57863	S	1	0	1	0.00000
Borrelia miyamotoi	47466	S	2	0	2	0.00000
Borrelia sp. P9F1	3058374	S	2	0	2	0.00000
Treponema peruense	2787628	S	1	0	1	0.00000
Treponema bryantii	163	S	1	0	1	0.00000
Treponema denticola	158	S	1	0	1	0.00000
Leptospira kirschneri	29507	S	1	0	1	0.00000
Leptospira sp. WS4.C2	3235172	S	1	0	1	0.00000
Leptotrichia shahii	157691	S	7	0	7	0.00000
Leptotrichia trevisanii	109328	S	1	0	1	0.00000
Fusobacterium hwasookii	1583098	S	3	0	3	0.00000
Fusobacterium nucleatum	851	S	1	0	1	0.00000
Fusobacterium polymorphum	76857	S	1	0	1	0.00000
Symmachiella dynata	2527995	S	1	0	1	0.00000
Stieleria maiorica	2795974	S	1	1	2	0.00000
Chlamydia felis	83556	S	1	0	1	0.00000
Chlamydia suis	83559	S	1	0	1	0.00000
Desulfocurvibacter africanus	873	S	1	0	1	0.00000
Solidesulfovibrio carbinoliphilus	345370	S	1	0	1	0.00000
Pelobacter propionicus	29543	S	1	0	1	0.00000
Desulfuromonas soudanensis	1603606	S	1	0	1	0.00000
Thermosulfurimonas marina	2047767	S	1	0	1	0.00000
Desulfomonile tiedjei	2358	S	1	0	1	0.00000
Candidatus Bipolaricaulis anaerobius	2026885	S	3	0	3	0.00000
Candidatus Absconditicoccus praedator	2735562	S	1	0	1	0.00000
Candidatus Chazhemtobacterium aquaticus	2715735	S	1	0	1	0.00000
Nitrospira japonica	1325564	S	1	1	2	0.00000
Spirobacillus cienkowskii	495820	S	1	1	2	0.00000
Elusimicrobium minutum	423605	S	2	0	2	0.00000
Hydrogenobacter sp. T-2	1632018	S	1	0	1	0.00000
Sulfurihydrogenibium sp. YO3AOP1	436114	S	1	0	1	0.00000
Thermosulfidibacter takaii	412593	S	1	0	1	0.00000
Denitrovibrio acetiphilus	118000	S	1	0	1	0.00000
Tepiditoga spiralis	2108365	S	1	0	1	0.00000
Homo sapiens	9606	S	1082	1	1083	0.00069
Methanosarcina barkeri	2208	S	1	0	1	0.00000
Methanosarcina lacustris	170861	S	1	0	1	0.00000
Methanohalophilus mahii	2176	S	1	0	1	0.00000
Staphylothermus marinus	2280	S	1	0	1	0.00000
Nitrosopumilus adriaticus	1580092	S	1	0	1	0.00000
Phietavirus pv3MRA	2846250	S	351	2655	3006	0.00193
Phietavirus Henu2	2846258	S	12	426	438	0.00028
Staphylococcus phage DW2	1464127	S	3	1	4	0.00000
Phietavirus pv187	55511	S	2	1	3	0.00000
Phietavirus pv96	320842	S	2	5	7	0.00000
Phietavirus ETA	106284	S	1	10	11	0.00001
Phietavirus StauST3981	2846292	S	1	79	80	0.00005
Phietavirus B236	2846252	S	1	1	2	0.00000
Phietavirus B166	2846251	S	1	4	5	0.00000
Phietavirus pv80	405947	S	1	14	15	0.00001
Phietavirus MR11	379501	S	1	4	5	0.00000
Phietavirus X2	320850	S	1	0	1	0.00000
Dubowvirus dv69	320834	S	1	3	4	0.00000
Dubowvirus dv11	12360	S	1	0	1	0.00000
Biseptimavirus IME136101	2846260	S	48	2910	2958	0.00189
Biseptimavirus phi7247PVL	2846371	S	1	0	1	0.00000
Peeveelvirus CN125	2846255	S	2	5	7	0.00000
Peeveelvirus pv13	186153	S	1	68	69	0.00004
Peeveelvirus PVL	2846271	S	1	2	3	0.00000
Triavirus JS02	2846262	S	1	0	1	0.00000
Triavirus tv2958PVL	2846301	S	1	35	36	0.00002
Rockefellervirus CNPH82	398839	S	1	1	2	0.00000
Staphylococcus phage StB20	1147043	S	1	0	1	0.00000
Tupanvirus deep ocean	2126984	S	1	0	1	0.00000
Plasmid pAM77	2524	S	1	0	1	0.00000
